<?xml version="1.0" encoding="UTF-8"?>
<testng-results ignored="0" total="1" passed="1" failed="0" skipped="0">
  <reporter-output>
  </reporter-output>
  <suite started-at="2022-11-03T22:20:31 IST" name="Default suite" finished-at="2022-11-03T22:20:55 IST" duration-ms="24501">
    <groups>
    </groups>
    <test started-at="2022-11-03T22:20:31 IST" name="Default test" finished-at="2022-11-03T22:20:55 IST" duration-ms="24501">
      <class name="newComplaint.ComplaintTest">
        <test-method signature="createComplaint()[pri:0, instance:newComplaint.ComplaintTest@437da279]" started-at="2022-11-03T22:20:31 IST" name="createComplaint" finished-at="2022-11-03T22:20:55 IST" duration-ms="24440" status="PASS">
          <reporter-output>
          </reporter-output>
        </test-method> <!-- createComplaint -->
      </class> <!-- newComplaint.ComplaintTest -->
    </test> <!-- Default test -->
  </suite> <!-- Default suite -->
</testng-results>
